[    0.00000] Linux version 4.15.0-43-generic (buildd@lgw01-amd64-001) (gcc verssion 7.3.0 (Ubuntu 7.3.0-16ubuntu3)) #46-Ubuntu SMP Thu Dec 6 14:45:28 UTC 2018 (Ubuntu 4.15.0-43.46-generic 4.15.18)
[    0.000000] Command line: BOOT_IMAGE=/boot/vmlinuz-4.15.0-43-generic root=LABEL=cloudimg-rootfs ro console=tty1 console=ttyS0
[    0.000000] KERNEL supported cpus:
[    0.000000]   Intel GenuineIntel
[    0.000000]   AMD AuthenticAMD
[    0.000000]   Centaur CentaurHauls
[    0.000000] x86/fpu: Supporting XSAVE feature 0x001: 'x87 floating point registers'
[    0.000000] x86/fpu: Supporting XSAVE feature 0x002: 'SSE registers'
[    0.000000] x86/fpu: Supporting XSAVE feature 0x004: 'AVX registers'
[    0.00000] x86/fp: xstate_offset[2]:  576, xstate_sizes[2]:  256
[    0.000000] x86/fpu: Enabled xstate features 0x7, context size is 832 bytes, using 'standard' format.
[    0.000000] e820: BIOS-provided physical RAM map:
[    0.000000] BIOS-e820: [mem 0x0000000000000000-0x000000000009fbff] usable
[    0.000000] BIOS-e820: [mem 0x000000000009fc00-0x000000000009ffff] reserved
[    0.000000] BIOS-e820: [mem 0x00000000000f0000-0x00000000000fffff] reserved
[    0.000000] BIOS-e820: [mem 0x0000000000100000-0x00000000dffeffff] usable
[    0.000000] BIOS-e820: [mem 0x00000000dfff0000-0x00000000dfffffff] ACPI data
[    0.00000] BIOS-e820: [mem 0x00000000fec00000-0x00000000fec00fff] reserved
[    0.000000] BIOS-e820: [mem 0x00000000fee0000-0x00000000fee00fff] reserve
[    0.000000] BIOS-e820: [mem 0x00000000fffc0000-0x00000000ffffffff] reserved
[    0.000000] BIOS-e820: [mem 0x0000000100000000-0x000000011fffffff] usable
[    0.000000] NX (Execute Disable) protection: active
[    0.000000] SMBIOS 2.5 present.
[    0.000000] DMI: innotek GmbH VirtualBox/VirtualBox, BIOS VirtualBox 12/01/2006
[    0.000000] Hypervisor detected: KVM
[    0.000000] e820: last_pfn = 0x120000 max_arch_pfn = 0x400000000
[    0.000000] MTRR: Disabled
[    0.000000] x86/PAT: MTRRs disabled, skipping PAT initialization too.
[    0.000000]CPU MTRRs all blank - virtualized system.
[    0.000000] x86/PAT: Configuration [0-7]: WB  WT  UC- UC  WB  WT  UC- UC  
[    0.000000] e820: last_pfn = 0xdfff0 max_arch_pfn = 0x400000000
[    0.000000] found SMP MP-table at [mem 0x0009fff0-0x0009ffff] mapped at [        (ptrval)]
[    0.000000] Scanning 1 areas for low memory corruption
[    0.000000] RAMDISK: [mem 0x359d7000-0x36ce2fff]
[    0.000000] ACPI: Early table checksum verification disabled
[    0.000000] ACPI: RSDP 0x00000000000E0000 000024 (v02 VBOX  )
[    0.000000] ACPI: XSDT 0x00000000DFFF0030 00003C (v01 VBOX   VBOXXSDT 00000001 ASL  00000061)
[    0.000000] ACPI: FACP 0x00000000DFFF00F0 0000F4 (v04 VBOX   VBOXFACP 00000001 AL  0000061)
[    0.000000] ACPI: DSDT 0x00000000DFFF0470 0021FF (v02 VBOX   VBOXBIOS 00000002 INTL 20100528)
[    0.000000] ACPI: FACS 0x00000000DFFF0200 000040
[    0.000000] ACPI: FACS 0x00000000DFFF0200 000040
[    0.000000] CPI: APIC x00000000DFFF0240 0005C (v02 VBOX   BOXAPIC 00000001 SL  00000061)
[    0.000000] ACPI: SSDT 0x00000000DFFF02A0 0001CC (v01 VBOX   VBOXCPUT 00000002 INTL 20100528)
[    0.00000] No NUMA configuration found
[    0.000000] Faking a node at [mem 0x000000000000000-0x000000011fffffff]
[    0000000] NODE_DATA(0) allocated [mem 0x11ffd1000-0x11fffbfff]
[    0.000000] kvm-clock: cpu 0, msr 1:1ff50001, primary cpu clock
[    0.000000] kvm-clock: Using msrs 4b564dd01 and 4b564d00[    0.000000] kvm-clock: using sched offset of 4789279126 cycles
[    0.000000] clocksource: kvm-clock: mask: 0xffffffffffffffff max_cycles: 0x1cd42e4dffb, max_idle_ns: 8159059483 ns
[    0.000000] Zone ranges:
[    0.000000]   DMA      [mem 0x0000000000001000-0x0000000000ffffff]
[    0.000000]   DMA32    [mem 0x0000000001000000-0x00000000ffffffff]
[    0.000000]   Normal   [mem 0x0000000100000000-0x000000011fffffff]
[    0.000000]   Device   empty
[    0.000000] Movable zone start for each node
[    0.000000] Early memory node ranges
[    0.000000]   node   0: [mem 0x0000000000001000-0x000000000009efff]
[    0.000000]   node   0: [mem 0x0000000000100000-0x00000000dffeffff]
[    0.000000]   node   0: [mem 0x0000000100000000-0x000000011fffffff]
[    0.000000] Initmem setup node 0 [mem 0x0000000000001000-0x000000011fffffff]
[    0.000000] Reserved but unavailable: 98 pages
[    0.000000] ACPI: PM-Timer IO Port: 0x4008
[    0.000000] IOAPIC[0]: apic_id 2, version 32, address 0xfec00000, GSI 0-23
[    0.000000] ACPI: INT_SRC_OVR (bus 0 bus_irq 0 global_irq 2 dfl dfl)
[    0.000000] ACPI: INT_SRC_OVR (bus 0 bus_irq 9 global_irq 9 low level)
[    0.000000] Using ACPI (MADT) for SMP configuration information
[    0.000000] smpboot: Allowing 2 CPUs, 0 hotplug PUs
[    0.000000] PM: Registered nosave memory: [mem 0x00000000-0x00000fff]
[    0.000000] PM: Registered nosave memory: [mem 0x0009f000-0x0009ffff]
[    0.000000] PM: Registered nosave memory: [mem 0x000a0000-0x000effff]
[    0.000000] PM: Registered nosave memory: [mem 0x000f0000-0x000fffff]
[    0.000000] PM: Registered nosave memory: [mem 0xdfff0000-0xdfffffff]
[    0.000000] PM: Registered nosave memory: [mem 0xe0000000-0xfebfffff]
[    0.000000] PM: Registered nosave memory: [mem 0xfec000000-0xfec00fff]
[    0.000000] PM: Registered nosave memory: [mem 0xfec01000-0xfedfffff]
[    0.000000] PM: Registered nosave memory: [mem 0xfee00000-0xfee00fff]
[    0.00000] PM: Registered nosave memory: [mem 0xfee01000-0xfffbffff]
[    0.000000] PM: Registered nosave memory: [mem 0xfffc0000-0xffffffff]
[    0.000000] e820: [mem 0xe0000000-0xfebfffff] available for PCI devices
[    0.000000] Booting paravirtualized kernel on KVM
[    0.000000] clocksource: refined-jiffies: mask: 0xffffffff max_cycles: 0xffffffff, max_idle_ns: 7645519600211568 ns
[    0.000000] rndom: get_andom_bytes called from start_kernel+0x99/0x4fd with crng_init=0
[    0.000000] setup_percpu: NR_CPUS:8192 nr_cpumask_bits:2 nr_cpu_ids:2 nr_noode_ids:1
[    0.000000] percpu: Embedded 46 pages/cpu @        (ptral) s151552 r8192 d28672 u1048576
[    0.000000] PV qspinlock hash table entries: 256 (order: 0, 4096 bytes)
[    0.000000] Buit 1 zonelists, moility grouping on.  Total pages: 1032057
[    0.000000] Policy zone: Normal
[    0.000000] Kernel command line: BOOT_IMAGE=/boot/vmlinuz-4.15.0-43-generic root=LABEL=cloudimg-rootfs ro console=tty1 console=ttyS0
[    0.000000] Memory: 4013688K/4193848K available (12300K kernel code, 2472K rwdata, 4252K rodata, 2408K init, 2416K bss, 180160K reserved, 0K cma-reserved)
[    0.000000] SLUB: HWalign=64, Order=0-3, MinObjects=0, CPUs=2, Nodes=1
[    0.000000] Kernel/User page tables isolation: enabled
[    0.000000] ftrace: allocating 39186 entries in 154 pages
[    0.004000] Hierarchical RCU implementation.
[    0.004000] 	RCU restricting CPUs from NR_CPUS=8192 to nr_cpu_ids=2.
[    0.004000] 	Tasks RCU enabled.
[    0.004000] RCU: Adjusting geometry for rcu_fanout_leaf=16, nr_cpu_ids=2
[    0.004000] NR_IRQS: 524544, nr_irqs: 440, preallocated irqs: 16
[    0.004000] Console: colour VGA+ 80x25
[    0.004000] console [tty1 enabled
[    0.004000] console [ttyS0] enabled
[    0.004000] ACPI: Core revision 20170831
[   0.004000] ACPI: 2 ACPI AML tables successfully acquired and loaded
[    0.004000] APIC: Switch to symmetric I/O mode setup
[    0.004000] x2apic enabled
[    0.004000] Switched APIC routing to physical x2apic.
[    0.005234] ..TMER: vector=0x30 apic1=0 pin1=2 apic2=-1 pin2=-1
[    0.008007] tsc: Detected 2699.998 MHz processor
[    0.012012] Calibrating delay loop (skipped) preset value.. 5399.99 BogoMIPS (lpj=10799992)
[    0.016007] pid_max: default: 32768 minimum: 301
[    0.017562] Security Framework initialized
[    0.020003] Yama: becoming mindful.
[    0.022055] AppArmor: AppArmor initialized
[    0.028322] Dentry cache hash table entries: 524288 (order: 10, 4194304 bytes)
[    0.036312] Inode-cache hash table entries: 262144 (order: 9, 2097152 bytes)
[    0.040034] Mount-cache hash table entries: 8192 (order: 4, 65536 bytes)
[    0.044019] Mountpoint-cache hash table entries: 8192 (order: 4, 65536 bytes)
[    0.048238] mce: CPU supports 0 MCE banks
[    0.050232] Last level iTLB entries: 4KB 64, 2MB 8, 4MB 8
[    0.052006] Last level dTLB entries: 4KB 64, 2MB 0, 4MB 0, 1GB 4
[    0.056006] Spectre V2 : Mitigation: Full generic retpoline
[    0.057823] Spectre V2 : Spectre v2 / SpectreRSB mitigation: Filling RSB on context switch
[    0.060004] Speculative Store Bypass: Vulnerable
[    0.061718] Freeing SMP alternatives memory: 36K
[    0.068000] smpboot: CPU0: Intel(R) Core(TM) i5-5257U CPU @ 2.70GHz (family: 0x6, model: 0x3d, stepping: 0x4)
[    0.068090] Performance Events: unsupported p6 CPU model 61 no PMU driver, software events only.
[    0.071458] Hierarchical SRCU implementation.
[    0.072555] NMI watchdog: Perf event create on CPU 0 failed with -2
[    0.074664] NMI watchdog: Perf NMI watchdog permanently disabled
[    0.076059] smp: Bringing up secondary CPUs ...
[    0.080091] x86: Booting SMP configuration:
[    0.081649] .... node  #0, CPUs:      #1
[    0.004000] kvm-clock: cpu 1, msr 1:1ff50041, secondary cpu clock
[    0.004000] mce: CPU supports 0 MCE banks
[    0.090763] smp: Brought up 1 node, 2 CPUs
[    0.092013] smpboot: Max logical packages: 1
[    0.094140] smpboot: Total of 2 processors activated (10799.99 BogoMIPS)
[    0.096212] devtmpfs: initialized
[    0.100006] x86/mm: Memory block size: 128MB
[    0.101913] evm: security.selinux
[    0.104005] evm: security.SMACK64
[    0.105075] evm: security.SMACK64EXEC
[    0.108005] evm: security.SMACK64TRANSMUTE
[    0.109660] evm: security.SMACK64MMAP
[    0.111189] evm: security.apparmor
[    0.112003] evm: security.ima
[    0.113697] evm: security.capability
[    0.116105] clocksource: jiffies: mask: 0xffffffff max_cycles: 0xffffffff, max_idle_ns: 7645041785100000 ns
[    0.120011] futex hash table entries: 512 (order: 3, 32768 bytes)
[    0.122533] pinctrl core: initialized pinctrl subsystem
[    0.124148] RTC time: 23:13:43, date: 01/22/19
[    0.126444] NET: Registered protocol family 16
[    0.128082] audit: initializing netlink subsys (disabled)
[    0.130013] audit: type=2000 audit(1548198829.114:1): state=initialized audit_enabled=0 res=1
[    0.132013] cpuidle: using governor ladder
[    0.136009] cpuidle: using governor menu
[    0.137283] ACPI: bus type PCI registered
[    0.138780] acpiphp: ACPI Hot Plug PCI Controller Driver version: 0.5
[    0.140147] PCI: Using configuration type 1 for base access
[    0.144993] HugeTLB registered 2.00 MiB page size, pre-allocated 0 pages
[    0.148092] ACPI: Added _OSI(Module Device)
[    0.149609] ACPI: Added _OSI(Processor Device)
[    0.152004] ACPI: Added _OSI(3.0 _SCP Extensions)
[    0.153560] ACPI: Added _OSI(Processor Aggregator Device)
[    0.156005] ACPI: Added _OSI(Linux-Dell-Video)
[    0.157463] ACPI: Added _OSI(Linux-Lenovo-NV-HDMI-Audio)
[    0.160649] ACPI: Executed 1 blocks of module-level executable AML code
[    0.170189] ACPI: Interpreter enabled
[    0.172021] ACPI: (supports S0 S5)
[    0.173135] ACPI: Using IOAPIC for interrupt routing
[    0.176255] PCI: Using host bridge windows from ACPI; if necessary, use "pci=nocrs" and report a bug
[    0.180293] ACPI: Enabled 2 GPEs in block 00 to 07
[    0.190355] ACPI: PCI Root Bridge [PCI0] (domain 0000 [bus 00-ff])
[    0.192012] acpi PNP0A03:00: _OSC: OS supports [ASPM ClockPM Segments MSI]
[    0.196037] acpi PNP0A03:00: _OSC: not requesting OS control; OS requires [ExtendedConfig ASPM ClockPM MSI]
[    0.200023] acpi PNP0A03:00: fail to add MMCONFIG information, can't access extended PCI configuration space under this bridge.
[    0.204625] PCI host bridge to bus 0000:00
[    0.208011] pci_bus 0000:00: root bus resource [io  0x0000-0x0cf7 window]
[    0.212010] pci_bus 0000:00: root bus resource [io  0x0d00-0xffff window]
[    0.216006] pci_bus 0000:00: root bus resource [mem 0x000a0000-0x000bffff window]
[    0.220011] pci_bus 0000:00: root bus resource [mem 0xe0000000-0xfdffffff window]
[    0.224008] pci_bus 0000:00: root bus resource [bus 00-ff]
[    0.236577] pci 0000:00:01.1: legacy IDE quirk: reg 0x10: [io  0x01f0-0x01f7]
[    0.240010] pci 0000:00:01.1: legacy IDE quirk: reg 0x14: [io  0x03f6]
[    0.244006] pci 0000:00:01.1: legacy IDE quirk: reg 0x18: [io  0x0170-0x0177]
[    0.248004] pci 0000:00:01.1: legacy IDE quirk: reg 0x1c: [io  0x0376]
[    0.311305] pci 0000:00:07.0: quirk: [io  0x4000-0x403f] claimed by PIIX4 ACPI
[    0.312035] pci 0000:00:07.0: quirk: [io  0x4100-0x410f] claimed by PIIX4 SMB
[    0.358138] ACPI: PCI Interrupt Link [LNKA] (IRQs 5 9 10 *11)
[    0.360374] ACPI: PCI Interrupt Link [LNKB] (IRQs 5 9 *10 11)
[    0.364176] ACPI: PCI Interrupt Link [LNKC] (IRQs 5 *9 10 11)
[    0.366975] ACPI: PCI Interrupt Link [LNKD] (IRQs 5 9 10 *11)
[    0.368453] SCSI subsystem initialized
[    0.369710] pci 0000:00:02.0: vgaarb: setting as boot VGA device
[    0.371752] pci 0000:00:02.0: vgaarb: VGA device added: decodes=io+mem,owns=io+mem,locks=none
[    0.372011] pci 0000:00:02.0: vgaarb: bridge control possible
[    0.374195] vgaarb: loaded
[    0.376053] ACPI: bus type USB registered
[    0.377483] usbcore: registered new interface driver usbfs
[    0.380017] usbcore: registered new interface driver hub
[    0.381656] usbcore: registered new device driver usb
[    0.384257] EDAC MC: Ver: 3.0.0
[    0.385815] PCI: Using ACPI for IRQ routing
[    0.388503] NetLabel: Initializing
[    0.389826] NetLabel:  domain hash size = 128
[    0.391517] NetLabel:  protocols = UNLABELED CIPSOv4 CALIPSO
[    0.392049] NetLabel:  unlabeled traffic allowed by default
[    0.396114] clocksource: Switched to clocksource kvm-clock
[    0.447221] VFS: Disk quotas dquot_6.6.0
[    0.454381] VFS: Dquot-cache hash table entries: 512 (order 0, 4096 bytes)
[    0.463901] AppArmor: AppArmor Filesystem Enabled
[    0.472637] pnp: PnP ACPI init
[    0.489096] pnp: PnP ACPI: found  devices

[    0.562114] clocksourc: acpi_pm: mask: 0xffffff max_cycles: 0xffffff, max_idle_n: 2085701024 ns[    0.644076] NET: Registered protocol family 2

[    0.674029] TCP established hash table entries: 32768 (order: 6, 262144 bytes)
[    0.676365] TCP bind hash table entries: 32768 (order: 7, 524288 bytes)
[    0.678643] TCP: Hash tables configured (established 32768 bind 32768)
[    0.680683] UDP hash table entries: 2048 (order: 4, 65536 bytes)
[    0.683794] UDP-Lite hash table entries: 2048 (order: 4, 65536 bytes)
[    0.686279] NET: Registered protocol family 1
[    0.687872] pci 0000:00:00.0: Limiting direct PCI/PCI transfers
[    0.690174] pci 0000:00:01.0: Activating ISA DMA hang workarounds
[    0.692556] pci 000:00:02.0: Video device with shadowed ROM at [mem 0x000c0000-0x000dffff]
[    0.721022] Unacking initrams...

[    1.136785] Freeing initrd memory: 19504K
[    1.138985] PCI-DMA: Using software bounce buffering for IO (SWIOTLB)
[    1.145220] software IO TLB [mem 0xdbff0000-0xdfff0000] (64MB) mapped at [        (ptrval)-        (ptrval)]
[    1.163445] platform rtc_cmos: registered platform RTC device (no PNP device found)
[    1.166573] Scanning for low memory corruption every 60 seconds
[    1.169519] Initialise system trusted keyrings
[    1.170982] Key type blacklist registered
[    1.172460] workingset: timestamp_bits=36 max_order=20 bucket_order=0
[    1.177382] zbud: loaded
[    1.178957] squashfs: version 4.0 (2009/01/31) Phillip Lougher
[    1.182278] fuse init (API version 7.26)
[    1.187555] Key type asymmetric registered
[    1.190320] Asymmetric key parser 'x509' registered
[    1.192155] Block layer SCSI generic (bsg) driver version 0.4 loaded (major 246)
[    1.194940] io scheduler noop registered
[    1.196510] io scheduler deadline registered
[    1.197896] io scheduler cfq registered (default)
[    1.200301] ACPI: AC Adapter [AC] (off-line)
[    1.202251] input: Power Button as /devices/LNXSYSTM:00/LNXPWRBN:00/input/input0
[    1.207976] ACPI: Power Button [PWRF]
[    1.209747] input: Sleep Button as /devices/LNXSYSTM:00/LNXSLPBN:00/input/input1
[    1.217661] ACPI: Sleep Button [SLPF]
[    1.221774] ACPI: Battery Slot [BAT0] (battery present)
[    1.228507] Serial: 8250/16550 driver, 32 ports, IRQ sharing enabled
[    1.254534] 00:02: ttyS0 at I/O 0x3f8 (irq = 4, base_baud = 115200) is a 16550A
[    1.258892] Linux agpgart interface v0.103
[    1.273322] loop: module loaded
[    1.281485] scsi host0: ata_piix
[    1.286927] scsi host1: ata_piix
[    1.296399] ata1: PATA max UDMA/33 cmd 0x1f0 ctl 0x3f6 bmdma 0xd000 irq 14
[    1.319773] ata2: PATA max UDMA/33 cmd 0x170 ctl 0x376 bmdma 0xd008 irq 15
[    1.342650] libphy: Fixed MDIO Bus: probed
[    1.345228] tun: Universal TUN/TAP device driver, 1.6
[    1.360883] PPP generic driver version 2.4.2
[    1.362808] ehci_hcd: USB 2.0 'Enhanced' Host Controller (EHCI) Driver
[    1.366286] ehci-pci: EHCI PCI platform driver
[    1.376581] ehci-platform: EHCI generic platform driver
[    1.378697] ohci_hcd: USB 1.1 'Open' Host Controller (OHCI) Driver
[    1.380942] ohci-pci: OHCI PCI platform driver
[    1.382385] ohci-platform: OHCI generic platform driver
[    1.384311] uhci_hcd: USB Universal Host Controller Interface driver
[    1.388956] i8042: PNP: PS/2 Controller [PNP0303:PS2K,PNP0f03:PS2M] at 0x60,0x64 irq 1,12
[    1.393309] serio: i8042 KBD port at 0x60,0x64 irq 1
[    1.397556] serio: i8042 AUX port at 0x60,0x64 irq 12
[    1.405967] mousedev: PS/2 mouse device common for all mice
[    1.419769] input: AT Translated Set 2 keyboard as /devices/platform/i8042/serio0/input/input2
[    1.425102] rtc_cmos rtc_cmos: rtc core: registered rtc_cmos as rtc0
[    1.427449] rtc_cmos rtc_cmos: alarms up to one day, 114 bytes nvram
[    1.429557] i2c /dev entries driver
[    1.430811] pcie_mp2_amd: AMD(R) PCI-E MP2 Communication Driver Version: 1.0
[    1.435467] device-mapper: uevent: version 1.0.3
[    1.437951] device-mapper: ioctl: 4.37.0-ioctl (2017-09-20) initialised: dm-devel@redhat.com
[    1.441082] ledtrig-cpu: registered to indicate activity on CPUs
[    1.443882] NET: Registered protocol family 10
[    1.449960] Segment Routing with IPv6
[    1.451310] NET: Registered protocol family 17
[    1.461098] Key type dns_resolver registered
[    1.465291] RAS: Correctable Errors collector initialized.
[    1.470730] sched_clock: Marking stable (1470689497, 0)->(3225173213, -1754483716)
[    1.478922] registered taskstats version 1
[    1.480923] Loading compiled-in X.509 certificates
[    1.485517] Loaded X.509 cert 'Build time autogenerated kernel key: 6afcca3ddc80072aeae87585a7fdb65d40603f58'
[    1.490671] zswap: loaded using pool lzo/zbud
[    1.496703] Key type big_key registered
[    1.498115] Key type trusted registered
[    1.501979] Key type encrypted registered
[    1.507411] AppArmor: AppArmor sha1 policy hashing enabled
[    1.515818] ima: No TPM chip found, activating TPM-bypass! (rc=-19)
[    1.536814] ima: Allocated hash algorithm: sha1
[    1.539186] evm: HMAC attrs: 0x1
[    1.541055]   Magic number: 3:232:252
[    1.542506] rtc_cmos rtc_cmos: setting system clock to 2019-01-22 23:13:45 UTC (1548198825)
[    1.547077] BIOS EDD facility v0.16 2004-Jun-25, 0 devices found
[    1.549686] EDD information not available.
[    1.555174] Freeing unused kernel memory: 2408K
[    1.572690] Write protecting the kernel read-only data: 20480k
[    1.582259] Freeing unused kernel memory: 2008K
[    1.600834] Freeing unused kernel memory: 1892K
[    1.637867] x86/mm: Checked W+X mappings: passed, no W+X pages found.
[    1.647257] x86/mm: Checking user space page tables
[    1.670398] x86/mm: Checked W+X mappings: passed, no W+X pages found.
Loading, please wait...
starting version 237
[    1.751996] e1000: Intel(R) PRO/1000 Network Driver - version 7.3.21-k8-NAPI
[    1.755693] e1000: Copyright (c) 1999-2006 Intel Corporation.
[    1.814531] Fusion MPT base driver 3.04.20
[    1.823226] Copyright (c) 1999-2008 LSI Corporation
[    1.847691] AVX2 version of gcm_enc/dec engaged.
[    1.850067] AES CTR mode by8 optimization enabled
[    1.864817] Fusion MPT SPI Host driver 3.04.20
[    2.058219] input: ImExPS/2 Generic Explorer Mouse as /devices/platform/i8042/serio1/input/input4
[    2.173808] tsc: Refined TSC clocksource calibration: 2698.887 MHz
[    2.177343] clocksource: tsc: mask: 0xffffffffffffffff max_cycles: 0x26e722f8fb0, max_idle_ns: 440795210739 ns
[    2.329687] e1000 0000:00:03.0 eth0: (PCI:33MHz:32-bit) 02:4e:c5:35:3f:f8
[    2.336558] e1000 0000:00:03.0 eth0: Intel(R) PRO/1000 Network Connection
[    2.340908] mptbase: ioc0: Initiating bringup
[    2.475332] ioc0: LSI53C1030 A0: Capabilities={Initiator}
[    4.107290] scsi host2: ioc0: LSI53C1030 A0, FwRev=00000000h, Ports=1, MaxQ=256, IRQ=20
[    4.504801] scsi 2:0:0:0: Direct-Access     VBOX     HARDDISK         1.0  PQ: 0 ANSI: 5
[    4.552164] scsi target2:0:0: Beginning Domain Validation
[    4.556278] scsi target2:0:0: Domain Validation skipping write tests
[    4.560029] scsi target2:0:0: Ending Domain Validation
[    4.562234] scsi target2:0:0: asynchronous
[    4.565583] scsi 2:0:1:0: Direct-Access     VBOX     HARDDISK         1.0  PQ: 0 ANSI: 5
[    4.836087] scsi target2:0:1: Beginning Domain Validation
[    4.841170] random: fast init done
[    4.843237] scsi target2:0:1: Domain Validation skipping write tests
[    4.847702] scsi target2:0:1: Ending Domain Validation
[    4.855684] scsi target2:0:1: asynchronous
[    4.861830] sd 2:0:0:0: Attached scsi generic sg0 type 0
[    4.863044] random: systemd-udevd: uninitialized urandom read (16 bytes read)
[    4.863059] random: systemd-udevd: uninitialized urandom read (16 bytes read)
[    4.863061] random: systemd-udevd: uninitialized urandom read (16 bytes read)
[    4.877763] sd 2:0:0:0: [sda] 20971520 512-byte logical blocks: (10.7 GB/10.0 GiB)
[    4.881474] sd 2:0:1:0: Attached scsi generic sg1 type 0
[    4.885466] sd 2:0:0:0: [sda] Write Protect is off
[    4.889313] sd 2:0:1:0: [sdb] 20480 512-byte logical blocks: (10.5 MB/10.0 MiB)
[    4.894345] sd 2:0:1:0: [sdb] Write Protect is off
[    4.907790] sd 2:0:0:0: [sda] Incomplete mode parameter data
[    4.911059] sd 2:0:0:0: [sda] Assuming drive cache: write through
[    4.915796] sd 2:0:1:0: [sdb] Incomplete mode parameter data
[    4.918423] sd 2:0:1:0: [sdb] Assuming drive cache: write through
[    4.923839]  sda: sda1
[    4.926596] sd 2:0:0:0: [sda] Attached SCSI disk
[    4.935179] sd 2:0:1:0: [sdb] Attached SCSI disk
[    5.058308] e1000 0000:00:08.0 eth1: (PCI:33MHz:32-bit) 08:00:27:25:5a:58
[    5.205344] e1000 0000:00:08.0 eth1: Intel(R) PRO/1000 Network Connection
[    5.215615] e1000 0000:00:08.0 enp0s8: renamed from eth1
[    5.244320] e1000 0000:00:03.0 enp0s3: renamed from eth0
Begin: Loading essential drivers ... [    6.732110] raid6: sse2x1   gen()  9137 MB/s
[    6.780492] raid6: sse2x1   xor()  6525 MB/s
[    6.828060] raid6: sse2x2   gen() 11436 MB/s
[    6.876225] raid6: sse2x2   xor()  6938 MB/s
[    6.928539] raid6: sse2x4   gen() 12924 MB/s
[    6.976172] raid6: sse2x4   xor()  8101 MB/s
[    7.028079] raid6: avx2x1   gen() 18118 MB/s
[    7.084283] raid6: avx2x1   xor() 11428 MB/s
[    7.136272] raid6: avx2x2   gen() 19358 MB/s
[    7.192070] raid6: avx2x2   xor() 10179 MB/s
[    7.240265] raid6: avx2x4   gen() 16202 MB/s
[    7.288431] raid6: avx2x4   xor()  8062 MB/s
[    7.295633] raid6: using algorithm avx2x2 gen() 19358 MB/s
[    7.309262] raid6: .... xor() 10179 MB/s, rmw enabled
[    7.318373] raid6: using avx2x2 recovery algorithm
[    7.335324] xor: automatically using best checksumming function   avx       
[    7.347256] async_tx: api initialized (async)
done.
Begin: Running /scripts/init-premount ... done.
Begin: Mounting root file system ... Begin: Running /scripts/local-top ... done.
Begin: Running /scripts/local-premount ... [    7.424801] Btrfs loaded, crc32c=crc32c-intel
Scanning for Btrfs filesystems
done.
Warning: fsck no[    7.459369] EXT4-fs (sda1): INFO: recovery required on readonly filesystem
t present, so sk[    7.469563] EXT4-fs (sda1): write access will be enabled during recovery
ipping root file system
[    7.731628] EXT4-fs (sda1): orphan cleanup on readonly fs
[    7.741605] EXT4-fs (sda1): 5 orphan inodes deleted
[    7.746314] EXT4-fs (sda1): recovery complete
[    7.751926] EXT4-fs (sda1): mounted filesystem with ordered data mode. Opts: (null)
done.
Begin: Running /scripts/local-bottom ... done.
Begin: Running /scripts/init-bottom ... done.
[    7.962252] ip_tables: (C) 2000-2006 Netfilter Core Team
[    7.974850] systemd[1]: systemd 237 running in system mode. (+PAM +AUDIT +SELINUX +IMA +APPARMOR +SMACK +SYSVINIT +UTMP +LIBCRYPTSETUP +GCRYPT +GNUTLS +ACL +XZ +LZ4 +SECCOMP +BLKID +ELFUTILS +KMOD -IDN2 +IDN -PCRE2 default-hierarchy=hybrid)
[    7.996127] systemd[1]: Detected virtualization oracle.
[    7.997807] systemd[1]: Detected architecture x86-64.

Welcome to [1mUbuntu 18.04.1 LTS[0m!

[    8.013645] systemd[1]: Set hostname to <ubuntu-bionic>.
[    8.330359] systemd[1]: Created slice System Slice.
[[0;32m  OK  [0m] Created slice System Slice.
[    8.337510] systemd[1]: Listening on Journal Socket (/dev/log).
[[0;32m  OK  [0m] Listening on Journal Socket (/dev/log).
[    8.342787] systemd[1]: Created slice system-serial\x2dgetty.slice.
[[0;32m  OK  [0m] Created slice system-serial\x2dgetty.slice.
[    8.358010] systemd[1]: Listening on Syslog Socket.
[[0;32m  OK  [0m] Listening on Syslog Socket.
[    8.371295] systemd[1]: Listening on Network Service Netlink Socket.
[[0;32m  OK  [0m] Listening on Network Service Netlink Socket.
[    8.390290] systemd[1]: Set up automount Arbitrary Executable File Formats File System Automount Point.
[[0;32m  OK  [0m] Set up automount Arbitrary Executab…rmats File System Automount Point.
[[0;32m  OK  [0m] Listening on udev Control Socket.
[[0;32m  OK  [0m] Reached target Swap.
[[0;32m  OK  [0m] Listening on Device-mapper event daemon FIFOs.
[[0;32m  OK  [0m] Listening on RPCbind Server Activation Socket.
[[0;32m  OK  [0m] Listening on Journal Audit Socket.
[[0;32m  OK  [0m] Listening on LVM2 poll daemon socket.
[[0;32m  OK  [0m] Listening on udev Kernel Socket.
[[0;32m  OK  [0m] Reached target User and Group Name Lookups.
[[0;32m  OK  [0m] Listening on Journal Socket.
         Starting Uncomplicated firewall...
         Starting udev Coldplug all Devices...
         Mounting RPC Pipe File System...
         Mounting Huge Pages File System...
         Starting Create list of required st…ce nodes for the current kernel...
         Starting Remount Root and Kernel File Systems...
         Starting Set the console keyboard layout...
         Starting Journal Service...
         Mounting Kernel Debug File System...
[    8.666737] EXT4-fs (sda1): re-mounted. Opts: (null)
[    8.670588] RPC: Registered named UNIX socket transport module.
[    8.677404] RPC: Registered udp transport module.
[    8.679529] RPC: Registered tcp transport module.
[    8.681179] RPC: Registered tcp NFSv4.1 backchannel transport module.
         Starting Load Kernel Modules...
[[0;32m  OK  [0m] Listening on /dev/initctl Compatibility Name[    8.732059] Loading iSCSI transport class v2.0-870.
d Pipe.
[[0;32m  OK  [0m] Listening on LVM2 metadata daemon socket.
         Starting Monitoring of LVM2 mirrors…ng dmeventd or pr[    8.757933] iscsi: registered transport (tcp)
ogress polling...
[[0;32m  OK  [0m] Reached target System Time Synchronized.
[[0;32m  OK  [0m] Started Forward Password Requests to Wall Directory Watch.
         Mounting POSIX Message Queue File System...
[[0;32m  OK  [0m] Created slice User and Session Slice.
[[0;32m  OK  [0m] Reached target Slices.
[[0;32m  OK  [0m] Started Journal Service.
[[0;32m  OK  [0m] Started Uncomplicated firewall.
[[0;32m  OK  [0m] Mounted RPC Pipe File System.
[[0;32m  OK  [0m] Mounted Huge Pages File System.
[[0;32m  OK  [[    8.895270] iscsi: registered transport (iser)
0m] Started Create list of required sta…vice nodes for the current kernel.
[[0;32m  OK  [0m] Started Remount Root and Kernel File Systems.
[[0;32m  OK  [0m] Started Set the console keyboard layout.
[[0;32m  OK  [0m] Mounted Kernel Debug File System.
[[0;32m  OK  [0m] Started Load Kernel Modules.
[[0;32m  OK  [0m] Mounted POSIX Message Queue File System.
[[0;32m  OK  [0m] Started udev Coldplug all Devices.
[[0;32m  OK  [0m] Started LVM2 metadata daemon.
         Mounting FUSE Control File System...
         Mounting Kernel Configuration File System...
         Starting Apply Kernel Variables...
[    8.996962] random: crng init done
[    9.017064] random: 7 urandom warning(s) missed due to ratelimiting
         Starting Load/Save Random Seed...
         Starting Initial cloud-init job (pre-networking)...
         Starting Create Static Device Nodes in /dev...
         Starting Flush Journal to Persistent Storage...
[[0;32m  OK  [0m] Started Monitoring of LVM2 mirrors,…sing dmeventd or progress polling.
[[0;32m  OK  [0m] Mounted FUSE Control File System.
[[0;32m  OK  [0m] Mounted Kernel Configuration File System.
[[0;32m  OK  [0m] Started Load/Save Random Seed.
[[0;32m  OK  [0m] Started Create Static Device Nodes in /dev.
[[0;32m  OK  [0m] Reached target Local File Systems (Pre).
[[0;32m  OK  [0m] Reached target Local File Systems.
         Starting Set console font and keymap...
         Starting ebtables ruleset management...
         Starting AppArmor initialization...
         Starting Tell Plymouth To Write Out Runtime Data...
         Starting Preprocess NFS configuration...
         Starting udev Kernel Device Manager...
[[0;32m  OK  [0m] Started Apply Kernel Variables.
[[0;32m  OK  [0m] Started Set console font and keymap.
[[0;32m  OK  [0m] Started Tell Plymouth To Write Out Runtime Data.
[[0;32m  OK  [0m] Started Preprocess NFS configuration.
[[0;32m  OK  [0m] Reached target NFS client services.
[[0;32m  OK  [0m] Started udev Kernel Device Manager.
[[0;32m  OK  [0m] Started Dispatch Password Requests to Console Directory Watch.
[[0;32m  OK  [0m] Reached target Local Encrypted Volumes.
[[0;32m  OK  [0m] Started ebtables ruleset management.
[[0;32m  OK  [0m] Started Flush Journal to Persistent Storage.
         Starting Create Volatile Files and Directories...
[[0;32m  OK  [0m] Started Create Volatile Files and Directories.
         Starting RPC bind portmap service...
         Starting Update UTMP about System Boot/Shutdown...
[[0;32m  OK  [0m] Started RPC bind portmap service.
[[0;32m  OK  [0m] Reached target RPC Port Mapper.
[[0;32m  OK  [0m] Started Update UTMP about System Boot/Shutdown.
[[0;32m  OK  [0m] Found device /dev/ttyS0.
[[0;32m  OK  [0m] Listening on Load/Save RF Kill Switch Status /dev/rfkill Watch.
[[0;32m  OK  [0m] Started AppArmor initialization.
[   11.309329] cloud-init[420]: Cloud-init v. 18.4-0ubuntu1~18.04.1 running 'init-local' at Tue, 22 Jan 2019 23:13:55 +0000. Up 11.10 seconds.
[[0;32m  OK  [0m] Started Initial cloud-init job (pre-networking).
[[0;32m  OK  [0m] Reached target Network (Pre).
         Starting Network Service...
[[0;32m  OK  [0m] Started Network Service.
         Starting Wait for Network to be Configured...
         Starting Network Name Resolution...
[[0;32m  OK  [0m] Started Network Name Resolution.
[[0;32m  OK  [0m] Reached target Host and Network Name Lookups.
[[0;32m  OK  [0m] Reached target Network.
[[0;32m  OK  [0m] Started Wait for Network to be Configured.
         Starting Initial cloud-init job (metadata service crawler)...
[   14.056519] cloud-init[638]: Cloud-init v. 18.4-0ubuntu1~18.04.1 running 'init' at Tue, 22 Jan 2019 23:13:57 +0000. Up 13.90 seconds.
[   14.097268] cloud-init[638]: ci-info: ++++++++++++++++++++++++++++++++++++++Net device info+++++++++++++++++++++++++++++++++++++++
[   14.106492] cloud-init[638]: ci-info: +--------+------+-----------------------------+---------------+--------+-------------------+
[   14.160596] cloud-init[638]: ci-info: | Device |  Up  |           Address           |      Mask     | Scope  |     Hw-Address    |
[   14.175404] cloud-init[638]: ci-info: +--------+------+-----------------------------+---------------+--------+-------------------+
[   14.192749] cloud-init[638]: ci-info: | enp0s3 | True |          10.0.2.15          | 255.255.255.0 | global | 02:4e:c5:35:3f:f8 |
[   14.198264] cloud-init[638]: ci-info: | enp0s3 | True |  fe80::4e:c5ff:fe35:3ff8/64 |       .       |  link  | 02:4e:c5:35:3f:f8 |
[   14.232764] cloud-init[638]: ci-info: | enp0s8 | True |        192.168.33.10        | 255.255.255.0 | global | 08:00:27:25:5a:58 |
[   14.248761] cloud-init[638]: ci-info: | enp0s8 | True | fe80::a00:27ff:fe25:5a58/64 |       .       |  link  | 08:00:27:25:5a:58 |
[   14.272647] cloud-init[638]: ci-info: |   lo   | True |          127.0.0.1          |   255.0.0.0   |  host  |         .         |
[   14.298954] cloud-init[638]: ci-info: |   lo   | True |           ::1/128           |       .       |  host  |         .         |
[   14.327998] cloud-init[638]: ci-info: +--------+------+-----------------------------+---------------+--------+-------------------+
[   14.336208] cloud-init[638]: ci-info: +++++++++++++++++++++++++++++Route IPv4 info+++++++++++++++++++++++++++++
[   14.342850] cloud-init[638]: ci-info: +-------+--------------+----------+-----------------+-----------+-------+
[   14.368828] cloud-init[638]: ci-info: | Route | Destination  | Gateway  |     Genmask     | Interface | Flags |
[   14.408887] cloud-init[638]: ci-info: +-------+--------------+----------+-----------------+-----------+-------+
[   14.437004] cloud-init[638]: ci-info: |   0   |   0.0.0.0    | 10.0.2.2 |     0.0.0.0     |   enp0s3  |   UG  |
[   14.470618] cloud-init[638]: ci-info: |   1   |   10.0.2.0   | 0.0.0.0  |  255.255.255.0  |   enp0s3  |   U   |
[[0;32m  OK  [0m] Started Initial cloud-init job (metadata service crawler).
[   14.509290] [[0;32m  OK  [0m] Reached target Network is Online.
cloud-init[638]: ci-info: |   2   |   10.0.2.2   | 0.0.0.0  | 255.255.255.255 |   enp0s3  |   UH  |
[[0;32m  OK  [0m] Reached target Remote File Systems (Pre).
[[0;32m  OK  [0m] Reached target Remote File Systems.
         Starting Availability of block devices...
[   14.561335] cloud-init[638]: ci-info: |   3   | 192.168.33.0 | 0.0.0.0  |  255.255.255.0  |   enp0s8  |   U   |
[[0;32m  OK  [0m] Reached target Cloud-config availability.
[   14.600859] cloud-init[638]: ci-info: +-------+--------------+----------+-----------------+-----------+-------+
[[0;32m  OK  [0m] Reached target System Initialization.
[   14.603750] cloud-init[638]: ci-info: +++++++++++++++++++Route IPv6 info+++++++++++++++++++
[[0;32m  OK  [0m] Started ACPI Events Check.
[[0;32m  OK  [0m] Listening on UUID daemon activation socket.
[[0;32m  OK  [0m] Listening on Open-iSCSI iscsid Socket.
         Starting Docker Socket for the API.
[   14.680432] cloud-init[638]: ci-info: +-------+-------------+---------+-----------+-------+
         Starting LXD - unix socket.
[[0;32m  OK  [0m] Reached target Paths.
[[0;32m  OK  [0m] Listening on D-Bus System Message Bus Socket.
[[0;32m  OK  [0m] Started Daily Cleanup of Temporary Directories.
[   14.760827] cloud-init[638]: ci-info: | Route | Destination | Gateway | Interface | Flags |
         Starting Socket activation for snappy daemon.
[[0;32m  OK  [0m] Listening on ACPID Listen Socket.
[   14.828710] cloud-init[638]: ci-info: +-------+-------------+---------+-----------+-------+
[   14.875217] cloud-init[638]: ci-info: |   1   |  fe80::/64  |    ::   |   enp0s8  |   U   |
[[   14.913223] cloud-init[638]: ci-info: |   2   |  fe80::/64  |    ::   |   enp0s3  |   U   |
[   14.913323] cloud-init[638]: ci-info: |   4   |    local    |    ::   |   enp0s3  |   U   |
[   14.913903] cloud-init[638]: ci-info: |   5   |    local    |    ::   |   enp0s8  |   U   |
[   14.913948] cloud-init[638]: ci-info: |   6   |   ff00::/8  |    ::   |   enp0s8  |   U   |
[   14.913987] cloud-init[638]: ci-info: |   7   |   ff00::/8  |    ::   |   enp0s3  |   U   |
[   14.914031] cloud-init[638]: ci-info: +-------+-------------+---------+-----------+-------+
[0;32m  OK  [0m] Started Daily apt download activities.
[[0;32m  OK  [0m] Started Daily apt upgrade and clean activities.
[[0;32m  OK  [0m] Started Discard unused blocks once a week.
[[0;32m  OK  [0m] Started Message of the Day.
[[0;32m  OK  [0m] Reached target Timers.
[[0;32m  OK  [0m] Started Availability of block devices.
[[0;32m  OK  [0m] Listening on Docker Socket for the API.
[[0;32m  OK  [0m] Listening on LXD - unix socket.
[[0;32m  OK  [0m] Listening on Socket activation for snappy daemon.
[[0;32m  OK  [0m] Reached target Sockets.
[[0;32m  OK  [0m] Reached target Basic System.
         Starting Permit User Sessions...
         Starting Accounts Service...
[[0;32m  OK  [0m] Started irqbalance daemon.
[[0;32m  OK  [0m] Started D-Bus System Message Bus.
         Starting Virtualbox guest utils...
[[0;32m  OK  [0m] Started Regular background program processing daemon.
         Starting LSB: automatic crash report generation...
         Starting System Logging Service...
[[0;32m  OK  [0m] Started Deferred execution scheduler.
         Starting containerd container runtime...
         Starting Snappy daemon...
         Starting LXD - container startup/shutdown...
[[0;32m  OK  [0m] Started FUSE filesystem for LXC.
         Starting Dispatcher daemon for systemd-networkd...
         Starting LSB: Record successful boot for GRUB...
         Starting OpenBSD Secure Shell server...
         Starting Login Service...
         Starting Docker Application Container Engine...
[[0;32m  OK  [0m] Started System Logging Service.
[[0;32m  OK  [0m] Started Permit User Sessions.
[[0;32m  OK  [0m] Started containerd container runtime.
[[0;32m  OK  [0m] Started Snappy daemon.
[[0;32m  OK  [0m] Started LXD - container startup/shutdown.
[[0;32m  OK  [0m] Started Login Service.
[[0;32m  OK  [0m] Started Unattended Upgrades Shutdown.
         Starting Wait until snapd is fully seeded...
         Starting Authorization Manager...
         Starting Terminate Plymouth Boot Screen...
         Starting Hold until boot process finishes up...
[[0;32m  OK  [0m] Started OpenBSD Secure Shell server.
[[0;32m  OK  [0m] Started Terminate Plymouth Boot Screen.
[[0;32m  OK  [0m] Started Hold until boot process finishes up.
         Starting Set console scheme...
[[0;32m  OK  [0m] Started Serial Getty on ttyS0.
[[0;32m  OK  [0m] Started LSB: automatic crash report generation.
[[0;32m  OK  [0m] Started Wait until snapd is fully seeded.
         Starting Apply the settings specified in cloud-config...
[[0;32m  OK  [0m] Started Set console scheme.
[[0;32m  OK  [0m] Created slice system-getty.slice.
[[0;32m  OK  [0m] Started Getty on tty1.
[[0;32m  OK  [0m] Reached target Login Prompts.
[[0;32m  OK  [0m] Started LSB: Record successful boot for GRUB.
[[0;32m  OK  [0m] Started Authorization Manager.
[[0;32m  OK  [0m] Started Accounts Service.
[[0;32m  OK  [0m] Started Virtualbox guest utils.
[[0;32m  OK  [0m] Created slice User Slice of vagrant.
         Starting User Manager for UID 1000...
[[0;32m  OK  [0m] Started Session 1 of user vagrant.
[[0;32m  OK  [0m] Started Dispatcher daemon for systemd-networkd.
[[0;32m  OK  [0m] Started User Manager for UID 1000.
[   18.230656] cloud-init[947]: Cloud-init v. 18.4-0ubuntu1~18.04.1 running 'modules:config' at Tue, 22 Jan 2019 23:14:01 +0000. Up 17.59 seconds.
[[0;32m  OK  [0m] Started Apply the settings specified in cloud-config.

Ubuntu 18.04.1 LTS ubuntu-bionic ttyS0

ubuntu-bionic login: [   23.225462] cloud-init[1887]: Cloud-init v. 18.4-0ubuntu1~18.04.1 running 'modules:final' at Tue, 22 Jan 2019 23:14:07 +0000. Up 23.07 seconds.
[   23.225738] cloud-init[1887]: Cloud-init v. 18.4-0ubuntu1~18.04.1 finished at Tue, 22 Jan 2019 23:14:07 +0000. Datasource DataSourceNoCloud [seed=/dev/sdb][dsmode=net].  Up 23.21 seconds
